0 info it worked if it ends with ok
1 verbose cli [
1 verbose cli   '/data/data/com.termux/files/usr/bin/node',
1 verbose cli   '/data/data/com.termux/files/usr/bin/npm',
1 verbose cli   'run',
1 verbose cli   'dev'
1 verbose cli ]
2 info using npm@6.14.15
3 info using node@v16.10.0
4 verbose stack Error: Failed to parse json
4 verbose stack Unexpected string in JSON at position 141 while parsing '{
4 verbose stack   "name": "socketserver",
4 verbose stack   "version":'
4 verbose stack     at parseError (/data/data/com.termux/files/usr/lib/node_modules/npm/node_modules/read-package-json/read-json.js:470:11)
4 verbose stack     at parseJson (/data/data/com.termux/files/usr/lib/node_modules/npm/node_modules/read-package-json/read-json.js:105:26)
4 verbose stack     at /data/data/com.termux/files/usr/lib/node_modules/npm/node_modules/read-package-json/read-json.js:52:5
4 verbose stack     at /data/data/com.termux/files/usr/lib/node_modules/npm/node_modules/graceful-fs/graceful-fs.js:123:16
4 verbose stack     at FSReqCallback.readFileAfterClose [as oncomplete] (node:internal/fs/read_file_context:68:3)
5 verbose cwd /data/data/com.termux/files/home/uday/socketserver
6 verbose Linux 4.9.82-perf+
7 verbose argv "/data/data/com.termux/files/usr/bin/node" "/data/data/com.termux/files/usr/bin/npm" "run" "dev"
8 verbose node v16.10.0
9 verbose npm  v6.14.15
10 error code EJSONPARSE
11 error file /data/data/com.termux/files/home/uday/socketserver/package.json
12 error JSON.parse Failed to parse json
12 error JSON.parse Unexpected string in JSON at position 141 while parsing '{
12 error JSON.parse   "name": "socketserver",
12 error JSON.parse   "version":'
13 error JSON.parse Failed to parse package.json data.
13 error JSON.parse package.json must be actual JSON, not just JavaScript.
14 verbose exit [ 1, true ]
