0 info it worked if it ends with ok
1 verbose cli [
1 verbose cli   '/data/data/com.termux/files/usr/bin/node',
1 verbose cli   '/data/data/com.termux/files/usr/bin/npm',
1 verbose cli   'run',
1 verbose cli   'dev'
1 verbose cli ]
2 info using npm@6.14.15
3 info using node@v16.10.0
4 verbose stack Error: missing script: dev
4 verbose stack     at run (/data/data/com.termux/files/usr/lib/node_modules/npm/lib/run-script.js:155:19)
4 verbose stack     at /data/data/com.termux/files/usr/lib/node_modules/npm/lib/run-script.js:63:5
4 verbose stack     at /data/data/com.termux/files/usr/lib/node_modules/npm/node_modules/read-package-json/read-json.js:116:5
4 verbose stack     at /data/data/com.termux/files/usr/lib/node_modules/npm/node_modules/read-package-json/read-json.js:436:5
4 verbose stack     at checkBinReferences_ (/data/data/com.termux/files/usr/lib/node_modules/npm/node_modules/read-package-json/read-json.js:391:45)
4 verbose stack     at final (/data/data/com.termux/files/usr/lib/node_modules/npm/node_modules/read-package-json/read-json.js:434:3)
4 verbose stack     at then (/data/data/com.termux/files/usr/lib/node_modules/npm/node_modules/read-package-json/read-json.js:161:5)
4 verbose stack     at /data/data/com.termux/files/usr/lib/node_modules/npm/node_modules/read-package-json/read-json.js:382:12
4 verbose stack     at /data/data/com.termux/files/usr/lib/node_modules/npm/node_modules/graceful-fs/graceful-fs.js:123:16
4 verbose stack     at FSReqCallback.readFileAfterClose [as oncomplete] (node:internal/fs/read_file_context:68:3)
5 verbose cwd /data/data/com.termux/files/home/mern/client
6 verbose Linux 4.9.82-perf+
7 verbose argv "/data/data/com.termux/files/usr/bin/node" "/data/data/com.termux/files/usr/bin/npm" "run" "dev"
8 verbose node v16.10.0
9 verbose npm  v6.14.15
10 error missing script: dev
11 verbose exit [ 1, true ]
